2021-05-12 09:33:35,443 INFO o.h.v.i.u.Version [background-preinit] HV000001: Hibernate Validator 5.4.1.Final
2021-05-12 09:33:35,473 WARN o.s.b.t.j.DuplicateJsonObjectContextCustomizerFactory$DuplicateJsonObjectContextCustomizer [main] 

Found multiple occurrences of org.json.JSONObject on the class path:

	jar:file:/C:/Users/SAREETA/.m2/repository/com/vaadin/external/google/android-json/0.0.20131108.vaadin1/android-json-0.0.20131108.vaadin1.jar!/org/json/JSONObject.class
	jar:file:/C:/Users/SAREETA/.m2/repository/org/json/json/20190722/json-20190722.jar!/org/json/JSONObject.class

You may wish to exclude one of them to ensure predictable runtime behavior

2021-05-12 09:33:35,522 INFO o.s.b.StartupInfoLogger [main] Starting EmpManagementApplicationTests using Java 11.0.7 on DESKTOP-JCBFC9M with PID 3408 (started by SAREETA in E:\SpringProject\Sumit\Workspace\emp-management)
2021-05-12 09:33:35,557 INFO o.s.b.SpringApplication [main] No active profile set, falling back to default profiles: default
2021-05-12 09:33:39,755 INFO o.s.d.r.c.RepositoryConfigurationDelegate [main] Bootstrapping Spring Data JPA repositories in DEFAULT mode.
2021-05-12 09:33:40,121 INFO o.s.d.r.c.RepositoryConfigurationDelegate [main] Finished Spring Data repository scanning in 323 ms. Found 1 JPA repository interfaces.
2021-05-12 09:33:43,025 INFO o.h.j.i.u.LogHelper [main] HHH000204: Processing PersistenceUnitInfo [name: default]
2021-05-12 09:33:45,620 INFO o.h.Version [main] HHH000412: Hibernate ORM core version 5.4.30.Final
2021-05-12 09:33:53,520 INFO o.h.a.c.r.j.JavaReflectionManager [main] HCANN000001: Hibernate Commons Annotations {5.1.2.Final}
2021-05-12 09:33:56,335 INFO c.z.h.HikariDataSource [main] HikariPool-1 - Starting...
2021-05-12 09:34:12,701 INFO c.z.h.HikariDataSource [main] HikariPool-1 - Start completed.
2021-05-12 09:34:13,923 INFO o.h.d.Dialect [main] HHH000400: Using dialect: org.hibernate.dialect.MySQL5Dialect
2021-05-12 09:34:38,554 INFO o.h.e.t.j.p.i.JtaPlatformInitiator [main] HHH000490: Using JtaPlatform implementation: [org.hibernate.engine.transaction.jta.platform.internal.NoJtaPlatform]
2021-05-12 09:34:38,619 INFO o.s.o.j.AbstractEntityManagerFactoryBean [main] Initialized JPA EntityManagerFactory for persistence unit 'default'
2021-05-12 09:34:43,352 WARN o.s.b.a.o.j.JpaBaseConfiguration$JpaWebConfiguration [main] spring.jpa.open-in-view is enabled by default. Therefore, database queries may be performed during view rendering. Explicitly configure spring.jpa.open-in-view to disable this warning
2021-05-12 09:34:46,304 INFO s.d.s.w.PropertySourcedRequestMappingHandlerMapping [main] Mapped URL path [/v2/api-docs] onto method [springfox.documentation.swagger2.web.Swagger2Controller#getDocumentation(String, HttpServletRequest)]
2021-05-12 09:34:50,085 INFO o.s.s.c.ExecutorConfigurationSupport [main] Initializing ExecutorService 'applicationTaskExecutor'
2021-05-12 09:34:51,989 INFO s.d.s.w.p.DocumentationPluginsBootstrapper [main] Context refreshed
2021-05-12 09:34:52,435 INFO s.d.s.w.p.DocumentationPluginsBootstrapper [main] Found 1 custom documentation plugin(s)
2021-05-12 09:34:52,583 INFO s.d.s.w.s.ApiListingReferenceScanner [main] Scanning for api listing references
2021-05-12 09:34:53,483 INFO o.s.b.StartupInfoLogger [main] Started EmpManagementApplicationTests in 84.045 seconds (JVM running for 114.2)
2021-05-12 09:34:56,219 INFO o.s.s.c.ExecutorConfigurationSupport [SpringContextShutdownHook] Shutting down ExecutorService 'applicationTaskExecutor'
2021-05-12 09:34:56,229 INFO o.s.o.j.AbstractEntityManagerFactoryBean [SpringContextShutdownHook] Closing JPA EntityManagerFactory for persistence unit 'default'
2021-05-12 09:34:56,236 INFO c.z.h.HikariDataSource [SpringContextShutdownHook] HikariPool-1 - Shutdown initiated...
2021-05-12 09:34:56,535 INFO c.z.h.HikariDataSource [SpringContextShutdownHook] HikariPool-1 - Shutdown completed.
